  main.cpp
C:\Users\slavagrishanin\Desktop\github\HontoEngine\HontoEngine\HontoEngine_SFML\Project1\main.cpp(108,53): warning C4244:  аргумент: преобразование "unsigned int" в "T", возможна потеря данных
C:\Users\slavagrishanin\Desktop\github\HontoEngine\HontoEngine\HontoEngine_SFML\Project1\main.cpp(108,53): warning C4244:         with
C:\Users\slavagrishanin\Desktop\github\HontoEngine\HontoEngine\HontoEngine_SFML\Project1\main.cpp(108,53): warning C4244:         [
C:\Users\slavagrishanin\Desktop\github\HontoEngine\HontoEngine\HontoEngine_SFML\Project1\main.cpp(108,53): warning C4244:             T=float
C:\Users\slavagrishanin\Desktop\github\HontoEngine\HontoEngine\HontoEngine_SFML\Project1\main.cpp(108,53): warning C4244:         ]
C:\Users\slavagrishanin\Desktop\github\HontoEngine\HontoEngine\HontoEngine_SFML\Project1\main.cpp(108,40): warning C4244:  аргумент: преобразование "unsigned int" в "T", возможна потеря данных
C:\Users\slavagrishanin\Desktop\github\HontoEngine\HontoEngine\HontoEngine_SFML\Project1\main.cpp(108,40): warning C4244:         with
C:\Users\slavagrishanin\Desktop\github\HontoEngine\HontoEngine\HontoEngine_SFML\Project1\main.cpp(108,40): warning C4244:         [
C:\Users\slavagrishanin\Desktop\github\HontoEngine\HontoEngine\HontoEngine_SFML\Project1\main.cpp(108,40): warning C4244:             T=float
C:\Users\slavagrishanin\Desktop\github\HontoEngine\HontoEngine\HontoEngine_SFML\Project1\main.cpp(108,40): warning C4244:         ]
C:\Users\slavagrishanin\Desktop\github\HontoEngine\HontoEngine\HontoEngine_SFML\Project1\main.cpp(118,53): warning C4244:  аргумент: преобразование "unsigned int" в "T", возможна потеря данных
C:\Users\slavagrishanin\Desktop\github\HontoEngine\HontoEngine\HontoEngine_SFML\Project1\main.cpp(118,53): warning C4244:         with
C:\Users\slavagrishanin\Desktop\github\HontoEngine\HontoEngine\HontoEngine_SFML\Project1\main.cpp(118,53): warning C4244:         [
C:\Users\slavagrishanin\Desktop\github\HontoEngine\HontoEngine\HontoEngine_SFML\Project1\main.cpp(118,53): warning C4244:             T=float
C:\Users\slavagrishanin\Desktop\github\HontoEngine\HontoEngine\HontoEngine_SFML\Project1\main.cpp(118,53): warning C4244:         ]
C:\Users\slavagrishanin\Desktop\github\HontoEngine\HontoEngine\HontoEngine_SFML\Project1\main.cpp(118,40): warning C4244:  аргумент: преобразование "unsigned int" в "T", возможна потеря данных
C:\Users\slavagrishanin\Desktop\github\HontoEngine\HontoEngine\HontoEngine_SFML\Project1\main.cpp(118,40): warning C4244:         with
C:\Users\slavagrishanin\Desktop\github\HontoEngine\HontoEngine\HontoEngine_SFML\Project1\main.cpp(118,40): warning C4244:         [
C:\Users\slavagrishanin\Desktop\github\HontoEngine\HontoEngine\HontoEngine_SFML\Project1\main.cpp(118,40): warning C4244:             T=float
C:\Users\slavagrishanin\Desktop\github\HontoEngine\HontoEngine\HontoEngine_SFML\Project1\main.cpp(118,40): warning C4244:         ]
  Project1.vcxproj -> C:\Users\slavagrishanin\Desktop\github\HontoEngine\HontoEngine\HontoEngine_SFML\x64\Debug\Project1.exe
