  main.cpp
C:\Users\slavagrishanin\Desktop\github\HontoEngine\HontoEngine\HontoEngine_SFML\Project1\main.cpp(108,53): warning C4244:  аргумент: преобразование "unsigned int" в "T", возможна потеря данных
C:\Users\slavagrishanin\Desktop\github\HontoEngine\HontoEngine\HontoEngine_SFML\Project1\main.cpp(108,53): warning C4244:         with
C:\Users\slavagrishanin\Desktop\github\HontoEngine\HontoEngine\HontoEngine_SFML\Project1\main.cpp(108,53): warning C4244:         [
C:\Users\slavagrishanin\Desktop\github\HontoEngine\HontoEngine\HontoEngine_SFML\Project1\main.cpp(108,53): warning C4244:             T=float
C:\Users\slavagrishanin\Desktop\github\HontoEngine\HontoEngine\HontoEngine_SFML\Project1\main.cpp(108,53): warning C4244:         ]
C:\Users\slavagrishanin\Desktop\github\HontoEngine\HontoEngine\HontoEngine_SFML\Project1\main.cpp(108,40): warning C4244:  аргумент: преобразование "unsigned int" в "T", возможна потеря данных
C:\Users\slavagrishanin\Desktop\github\HontoEngine\HontoEngine\HontoEngine_SFML\Project1\main.cpp(108,40): warning C4244:         with
C:\Users\slavagrishanin\Desktop\github\HontoEngine\HontoEngine\HontoEngine_SFML\Project1\main.cpp(108,40): warning C4244:         [
C:\Users\slavagrishanin\Desktop\github\HontoEngine\HontoEngine\HontoEngine_SFML\Project1\main.cpp(108,40): warning C4244:             T=float
C:\Users\slavagrishanin\Desktop\github\HontoEngine\HontoEngine\HontoEngine_SFML\Project1\main.cpp(108,40): warning C4244:         ]
C:\Users\slavagrishanin\Desktop\github\HontoEngine\HontoEngine\HontoEngine_SFML\Project1\main.cpp(118,53): warning C4244:  аргумент: преобразование "unsigned int" в "T", возможна потеря данных
C:\Users\slavagrishanin\Desktop\github\HontoEngine\HontoEngine\HontoEngine_SFML\Project1\main.cpp(118,53): warning C4244:         with
C:\Users\slavagrishanin\Desktop\github\HontoEngine\HontoEngine\HontoEngine_SFML\Project1\main.cpp(118,53): warning C4244:         [
C:\Users\slavagrishanin\Desktop\github\HontoEngine\HontoEngine\HontoEngine_SFML\Project1\main.cpp(118,53): warning C4244:             T=float
C:\Users\slavagrishanin\Desktop\github\HontoEngine\HontoEngine\HontoEngine_SFML\Project1\main.cpp(118,53): warning C4244:         ]
C:\Users\slavagrishanin\Desktop\github\HontoEngine\HontoEngine\HontoEngine_SFML\Project1\main.cpp(118,40): warning C4244:  аргумент: преобразование "unsigned int" в "T", возможна потеря данных
C:\Users\slavagrishanin\Desktop\github\HontoEngine\HontoEngine\HontoEngine_SFML\Project1\main.cpp(118,40): warning C4244:         with
C:\Users\slavagrishanin\Desktop\github\HontoEngine\HontoEngine\HontoEngine_SFML\Project1\main.cpp(118,40): warning C4244:         [
C:\Users\slavagrishanin\Desktop\github\HontoEngine\HontoEngine\HontoEngine_SFML\Project1\main.cpp(118,40): warning C4244:             T=float
C:\Users\slavagrishanin\Desktop\github\HontoEngine\HontoEngine\HontoEngine_SFML\Project1\main.cpp(118,40): warning C4244:         ]
  Создание кода
  1 of 201 functions ( 0.5%) were compiled, the rest were copied from previous compilation.
    0 functions were new in current compilation
    0 functions had inline decision re-evaluated but remain unchanged
  Создание кода завершено
  Project1.vcxproj -> C:\Users\slavagrishanin\Desktop\github\HontoEngine\HontoEngine\HontoEngine_SFML\x64\Release\Project1.exe
